[03:59:26] [main/INFO]: Loading Minecraft 1.21.5 with Fabric Loader 0.16.14
[03:59:26] [main/INFO]: Loading 94 mods:
	- cloth-config 18.0.145
	   \-- cloth-basic-math 0.6.1
	- collective 8.3
	- controllable 0.24.0
	   \-- com_mrcrayfish_controllable-sdl 2.32.4-1.1.0
	- cubes-without-borders 3.0.0+mc1.21.5
	- fabric-api 0.124.2+1.21.5
	   |-- fabric-api-base 0.4.62+73a52b4b49
	   |-- fabric-api-lookup-api-v1 1.6.96+86c3a9f149
	   |-- fabric-biome-api-v1 16.0.7+2dd063df49
	   |-- fabric-block-api-v1 1.0.37+86c3a9f149
	   |-- fabric-block-view-api-v2 1.0.26+aa6d566c49
	   |-- fabric-blockrenderlayer-v1 2.0.16+86c3a9f149
	   |-- fabric-client-tags-api-v1 1.1.37+86c3a9f149
	   |-- fabric-command-api-v1 1.2.70+f71b366f49
	   |-- fabric-command-api-v2 2.2.49+73a52b4b49
	   |-- fabric-commands-v0 0.2.87+df3654b349
	   |-- fabric-content-registries-v0 10.0.14+3e6c1f7d49
	   |-- fabric-convention-tags-v1 2.1.30+7f945d5b49
	   |-- fabric-convention-tags-v2 2.14.4+fca633a049
	   |-- fabric-crash-report-info-v1 0.3.12+86c3a9f149
	   |-- fabric-data-attachment-api-v1 1.8.2+1aba48bb49
	   |-- fabric-data-generation-api-v1 22.4.0+ea72995749
	   |-- fabric-dimensions-v1 4.0.17+3e6c1f7d49
	   |-- fabric-entity-events-v1 2.0.25+27c1078f49
	   |-- fabric-events-interaction-v0 4.0.13+73a52b4b49
	   |-- fabric-game-rule-api-v1 1.0.70+c327076a49
	   |-- fabric-item-api-v1 11.4.1+e46fd76a49
	   |-- fabric-item-group-api-v1 4.2.9+3459fc6149
	   |-- fabric-key-binding-api-v1 1.0.63+ecf51cdc49
	   |-- fabric-keybindings-v0 0.2.61+df3654b349
	   |-- fabric-lifecycle-events-v1 2.6.0+230071a049
	   |-- fabric-loot-api-v2 3.0.48+3f89f5a549
	   |-- fabric-loot-api-v3 1.0.36+86c3a9f149
	   |-- fabric-message-api-v1 6.0.33+86c3a9f149
	   |-- fabric-model-loading-api-v1 5.2.0+c982b95149
	   |-- fabric-networking-api-v1 4.4.0+f3ffa98949
	   |-- fabric-object-builder-api-v1 21.1.0+b8d6ba7049
	   |-- fabric-particles-v1 4.1.1+112e550e49
	   |-- fabric-recipe-api-v1 8.1.7+3235ab3249
	   |-- fabric-registry-sync-v0 6.1.20+b556383249
	   |-- fabric-renderer-api-v1 6.0.2+c982b95149
	   |-- fabric-renderer-indigo 3.0.3+3e6c1f7d49
	   |-- fabric-rendering-data-attachment-v1 0.3.64+73761d2e49
	   |-- fabric-rendering-fluids-v1 3.1.27+86c3a9f149
	   |-- fabric-rendering-v1 11.1.11+5490746649
	   |-- fabric-resource-conditions-api-v1 5.0.21+73a52b4b49
	   |-- fabric-resource-loader-v0 3.1.7+847e5f5c49
	   |-- fabric-screen-api-v1 2.0.46+86c3a9f149
	   |-- fabric-screen-handler-api-v1 1.3.127+c327076a49
	   |-- fabric-sound-api-v1 1.0.38+86c3a9f149
	   |-- fabric-tag-api-v1 1.0.17+ecf51cdc49
	   |-- fabric-transfer-api-v1 5.4.24+7b20cbb049
	   \-- fabric-transitive-access-wideners-v1 6.3.17+f17a180c49
	- fabricloader 0.16.14
	   \-- mixinextras 0.4.1
	- factory_api 2.2.4
	   \-- team_reborn_energy 4.1.0
	- framework 0.11.5
	   |-- org_javassist_javassist 3.29.2-GA
	   \-- org_reflections_reflections 0.10.2
	- fullbrightnesstoggle 4.3
	- ias 9.0.2
	- java 21
	- justzoom 2.1.0
	   \-- mixinextras 0.4.1
	- konkrete 1.9.11
	- minecraft 1.21.5
	- modmenu 14.0.0-rc.2
	- name_visibility 2.0.2
	- old_combat_mod 1.1.1
	- placeholder-api 2.6.4+1.21.5
	- reeses-sodium-options 1.8.3+mc1.21.4
	- sodium 0.6.13+mc1.21.5
	- sodium-extra 0.6.3+mc1.21.5
	- sodium-fullbright 1.0.1
	- sodiumdynamiclights 1.0.10
	   |-- com_github_bawnorton_mixinsquared_mixinsquared-neoforge 0.2.0-beta.6
	   \-- forgeconfigapiport 21.5.1
	        |-- com_electronwill_night-config_core 3.8.1
	        \-- com_electronwill_night-config_toml 3.8.1
	- sodiumextras 1.0.8
	   |-- forgeconfigapiport 21.5.1
	   |    |-- com_electronwill_night-config_core 3.8.1
	   |    \-- com_electronwill_night-config_toml 3.8.1
	   \-- mixinsquared 0.2.0-beta.6
	- sodiumoptionsapi 1.0.11
	   \-- mixinsquared 0.2.0-beta.6
	- splitscreen 0.9.0+1.21.5
	- txnilib 1.0.24
	   \-- forgeconfigapiport 21.5.1
	        |-- com_electronwill_night-config_core 3.8.1
	        \-- com_electronwill_night-config_toml 3.8.1
	- yet_another_config_lib_v3 3.6.6+1.21.5-fabric
	   |-- com_twelvemonkeys_common_common-image 3.12.0
	   |-- com_twelvemonkeys_common_common-io 3.12.0
	   |-- com_twelvemonkeys_common_common-lang 3.12.0
	   |-- com_twelvemonkeys_imageio_imageio-core 3.12.0
	   |-- com_twelvemonkeys_imageio_imageio-metadata 3.12.0
	   |-- com_twelvemonkeys_imageio_imageio-webp 3.12.0
	   |-- org_quiltmc_parsers_gson 0.2.1
	   \-- org_quiltmc_parsers_json 0.2.1
[03:59:26] [main/INFO]: SpongePowered MIXIN Subsystem Version=0.8.7 Source=file:/home/deck/.local/share/PollyMC/libraries/net/fabricmc/sponge-mixin/0.15.5+mixin.0.8.7/sponge-mixin-0.15.5+mixin.0.8.7.jar Service=Knot/Fabric Env=CLIENT
[03:59:26] [main/INFO]: Compatibility level set to JAVA_21
[03:59:26] [main/WARN]: Reference map 'forgeconfigapiport.common.refmap.json' for forgeconfigapiport.common.mixins.json could not be read. If this is a development environment you can ignore this message
[03:59:26] [main/INFO]: Loaded configuration file for Sodium: 43 options available, 0 override(s) found
[03:59:26] [main/INFO]: Loaded configuration file for Sodium Extra: 34 options available, 0 override(s) found
[03:59:27] [main/WARN]: Error loading class: mezz/jei/gui/elements/GuiIconToggleButton (java.lang.ClassNotFoundException: mezz/jei/gui/elements/GuiIconToggleButton)
[03:59:27] [main/WARN]: Error loading class: mezz/jei/gui/overlay/IngredientGrid (java.lang.ClassNotFoundException: mezz/jei/gui/overlay/IngredientGrid)
[03:59:27] [main/WARN]: Error loading class: mezz/jei/gui/overlay/IngredientGridWithNavigation (java.lang.ClassNotFoundException: mezz/jei/gui/overlay/IngredientGridWithNavigation)
[03:59:27] [main/WARN]: Error loading class: mezz/jei/gui/overlay/IngredientListOverlay (java.lang.ClassNotFoundException: mezz/jei/gui/overlay/IngredientListOverlay)
[03:59:27] [main/WARN]: Error loading class: mezz/jei/gui/input/MouseUtil (java.lang.ClassNotFoundException: mezz/jei/gui/input/MouseUtil)
[03:59:27] [main/WARN]: Error loading class: mezz/jei/gui/PageNavigation (java.lang.ClassNotFoundException: mezz/jei/gui/PageNavigation)
[03:59:27] [main/WARN]: Error loading class: me/jellysquid/mods/sodium/client/model/light/data/ArrayLightDataCache (java.lang.ClassNotFoundException: me/jellysquid/mods/sodium/client/model/light/data/ArrayLightDataCache)
[03:59:27] [main/WARN]: Error loading class: me/jellysquid/mods/sodium/client/model/light/flat/FlatLightPipeline (java.lang.ClassNotFoundException: me/jellysquid/mods/sodium/client/model/light/flat/FlatLightPipeline)
[03:59:27] [main/WARN]: Error loading class: me/jellysquid/mods/sodium/client/model/light/data/LightDataAccess (java.lang.ClassNotFoundException: me/jellysquid/mods/sodium/client/model/light/data/LightDataAccess)
[03:59:27] [main/WARN]: Error loading class: me/jellysquid/mods/sodium/client/model/light/data/ArrayLightDataCache (java.lang.ClassNotFoundException: me/jellysquid/mods/sodium/client/model/light/data/ArrayLightDataCache)
[03:59:27] [main/WARN]: Error loading class: me/jellysquid/mods/sodium/client/model/light/data/ArrayLightDataCache (java.lang.ClassNotFoundException: me/jellysquid/mods/sodium/client/model/light/data/ArrayLightDataCache)
[03:59:27] [main/WARN]: Error loading class: me/jellysquid/mods/sodium/client/model/light/flat/FlatLightPipeline (java.lang.ClassNotFoundException: me/jellysquid/mods/sodium/client/model/light/flat/FlatLightPipeline)
[03:59:27] [main/WARN]: Error loading class: me/jellysquid/mods/sodium/client/model/light/flat/FlatLightPipeline (java.lang.ClassNotFoundException: me/jellysquid/mods/sodium/client/model/light/flat/FlatLightPipeline)
[03:59:27] [main/WARN]: Error loading class: me/jellysquid/mods/sodium/client/model/light/data/LightDataAccess (java.lang.ClassNotFoundException: me/jellysquid/mods/sodium/client/model/light/data/LightDataAccess)
[03:59:27] [main/WARN]: Error loading class: me/jellysquid/mods/sodium/client/model/light/data/LightDataAccess (java.lang.ClassNotFoundException: me/jellysquid/mods/sodium/client/model/light/data/LightDataAccess)
[03:59:27] [main/WARN]: Error loading class: org/jetbrains/annotations/ApiStatus$Internal (java.lang.ClassNotFoundException: org/jetbrains/annotations/ApiStatus$Internal)
[03:59:27] [main/INFO]: Searching for graphics cards...
[03:59:27] [main/INFO]: Found graphics adapter: LinuxPciAdapterInfo[vendor=AMD, name=Sephiroth [AMD Custom GPU 0405], pciVendorId=0x1002, pciDeviceId=0x1435]
[03:59:27] [main/WARN]: Sodium has applied one or more workarounds to prevent crashes or other issues on your system: [NO_ERROR_CONTEXT_UNSUPPORTED]
[03:59:27] [main/WARN]: This is not necessarily an issue, but it may result in certain features or optimizations being disabled. You can sometimes fix these issues by upgrading your graphics driver.
[03:59:27] [main/INFO]: Initializing MixinExtras via com.llamalad7.mixinextras.service.MixinExtrasServiceImpl(version=0.4.1).
[03:59:31] [Datafixer Bootstrap/INFO]: 263 Datafixer optimizations took 2109 milliseconds
[03:59:36] [main/WARN]: Unrecognized user type: offline
[03:59:36] [Render thread/INFO]: Environment: Environment[sessionHost=https://sessionserver.mojang.com, servicesHost=https://api.minecraftservices.com, name=PROD]
[03:59:36] [Render thread/INFO]: Setting user: P1
[03:59:36] [Render thread/INFO]: Loading Collective version 8.3.
[03:59:37] [Render thread/INFO]: Reflections took 107 ms to scan 1 urls, producing 7 keys and 68 values
[03:59:37] [Render thread/INFO]: Initializing FactoryAPI!
[03:59:37] [Render thread/INFO]: [JUST ZOOM] Starting version 2.1.0 on Fabric..
[03:59:37] [Render thread/INFO]: [KONKRETE] Loading v1.9.11 in client-side mode on FABRIC!
[03:59:37] [Render thread/INFO]: ---------------------------
[03:59:37] [Render thread/INFO]: KONKRETE SHIPS AND USES THE FOLLOWING LIBRARIES:
[03:59:37] [Render thread/INFO]:  
[03:59:37] [Render thread/INFO]: Open Imaging Copyright © 2014 Dhyan Blum.
[03:59:37] [Render thread/INFO]: Open Imaging is licensed under Apache-2.0.
[03:59:37] [Render thread/INFO]:  
[03:59:37] [Render thread/INFO]: JsonPath Copyright © 2017 Jayway.
[03:59:37] [Render thread/INFO]: JsonPath is licensed under Apache-2.0.
[03:59:37] [Render thread/INFO]:  
[03:59:37] [Render thread/INFO]: Json-smart Copyright © netplex.
[03:59:37] [Render thread/INFO]: Json-smart is licensed under Apache-2.0.
[03:59:37] [Render thread/INFO]:  
[03:59:37] [Render thread/INFO]: Exp4j Copyright © Frank Asseg.
[03:59:37] [Render thread/INFO]: Exp4j is licensed under Apache-2.0. https://github.com/fasseg/exp4j
[03:59:37] [Render thread/INFO]: ---------------------------
[03:59:37] [Render thread/INFO]: [KONKRETE] Server-side modules initialized and ready to use!
[03:59:37] [Render thread/INFO]: Deserializing NameConfig from '/home/deck/.local/share/PollyMC/instances/1.21.5-1/.minecraft/config/name_visibility.json'
[03:59:37] [Render thread/INFO]: [STDOUT]: TxniLib onInitialize!
[03:59:37] [Render thread/INFO]: [Indigo] Different rendering plugin detected; not applying Indigo.
[03:59:38] [Render thread/INFO]: IAS: Booting up... (version: 9.0.2, loader: Fabric, loader version: 0.16.14, game version: 1.21.5)
[03:59:38] [Render thread/INFO]: IAS: Initializing IAS...
[03:59:38] [Render thread/ERROR]: IAS: Unable to write disclaimers.
java.lang.RuntimeException: Unable to write IAS disclaimers.
	at knot/ru.vidtu.ias.config.IASStorage.disclaimers(IASStorage.java:157) ~[IAS-Fabric-1.21.5-9.0.2.jar:?]
	at knot/ru.vidtu.ias.IAS.disclaimersStorage(IAS.java:367) ~[IAS-Fabric-1.21.5-9.0.2.jar:?]
	at knot/ru.vidtu.ias.IAS.init(IAS.java:140) ~[IAS-Fabric-1.21.5-9.0.2.jar:?]
	at knot/ru.vidtu.ias.IASMinecraft.init(IASMinecraft.java:128) ~[IAS-Fabric-1.21.5-9.0.2.jar:?]
	at knot/ru.vidtu.ias.IASFabric.onInitializeClient(IASFabric.java:53) ~[IAS-Fabric-1.21.5-9.0.2.jar:?]
	at net.fabricmc.loader.impl.FabricLoaderImpl.invokeEntrypoints(FabricLoaderImpl.java:399) [fabric-loader-0.16.14.jar:?]
	at net.fabricmc.loader.impl.game.minecraft.Hooks.startClient(Hooks.java:53) [fabric-loader-0.16.14.jar:?]
	at knot/net.minecraft.class_310.<init>(class_310.java:473) [client-intermediary.jar:?]
	at knot/net.minecraft.client.main.Main.main(Main.java:249) [client-intermediary.jar:?]
	at net.fabricmc.loader.impl.game.minecraft.MinecraftGameProvider.launch(MinecraftGameProvider.java:480) [fabric-loader-0.16.14.jar:?]
	at net.fabricmc.loader.impl.launch.knot.Knot.launch(Knot.java:74) [fabric-loader-0.16.14.jar:?]
	at net.fabricmc.loader.impl.launch.knot.KnotClient.main(KnotClient.java:23) [fabric-loader-0.16.14.jar:?]
	at org.prismlauncher.launcher.impl.StandardLauncher.launch(StandardLauncher.java:87) [NewLaunch.jar:?]
	at org.prismlauncher.EntryPoint.listen(EntryPoint.java:130) [NewLaunch.jar:?]
	at org.prismlauncher.EntryPoint.main(EntryPoint.java:70) [NewLaunch.jar:?]
Caused by: java.nio.file.InvalidPathException: Malformed input or input contains unmappable characters: ПРОЧТИ_МЕНЯ_ВАЖНО.txt
	at java.base/sun.nio.fs.UnixPath.encode(UnixPath.java:129) ~[?:?]
	at java.base/sun.nio.fs.UnixPath.<init>(UnixPath.java:76) ~[?:?]
	at java.base/sun.nio.fs.UnixFileSystem.getPath(UnixFileSystem.java:312) ~[?:?]
	at java.base/java.nio.file.Path.resolve(Path.java:516) ~[?:?]
	at knot/ru.vidtu.ias.config.IASStorage.disclaimers(IASStorage.java:145) ~[IAS-Fabric-1.21.5-9.0.2.jar:?]
	... 14 more
[03:59:38] [Render thread/INFO]: IAS: IAS has been loaded.
[03:59:38] [Render thread/INFO]: Checking mod updates...
[03:59:38] [Render thread/INFO]: [LambDynLights] Initializing SodiumDynamicLights...
[03:59:38] [Render thread/INFO]: Updating config cache
[03:59:38] [Render thread/INFO]: Cache updated successfully
[03:59:38] [Render thread/INFO]: Deserializing YACLConfig from '/home/deck/.local/share/PollyMC/instances/1.21.5-1/.minecraft/config/yacl.json5'
[03:59:38] [Worker-Main-1/INFO]: Update available for 'factory_api@2.2.4', (-> 1.21.5-2.2.5+fabric)
[03:59:38] [Worker-Main-1/INFO]: Update available for 'fabric-api@0.124.2+1.21.5', (-> 0.126.0+1.21.5)
[03:59:38] [Render thread/INFO]: Backend library: LWJGL version 3.3.3-snapshot
[03:59:39] [Render thread/INFO]: OpenGL Vendor: AMD
[03:59:39] [Render thread/INFO]: OpenGL Renderer: AMD Custom GPU 0932 (radeonsi, vangogh, LLVM 18.1.8, DRM 3.59, 6.11.11-valve17-1-neptune-611-g027868a0ac03)
[03:59:39] [Render thread/INFO]: OpenGL Version: 4.6 (Core Profile) Mesa 24.3.4 (git-8d0948917e)
[03:59:39] [Render thread/INFO]: Using optional rendering extensions: GL_KHR_debug, GL_ARB_vertex_attrib_binding, GL_ARB_direct_state_access
[03:59:39] [Render thread/ERROR]: Error while loading the narrator
com.mojang.text2speech.Narrator$InitializeException: Failed to load library flite
	at knot/com.mojang.text2speech.NarratorLinux$FliteLibrary.loadNative(NarratorLinux.java:81) ~[text2speech-1.18.11.jar:?]
	at knot/com.mojang.text2speech.NarratorLinux.<init>(NarratorLinux.java:18) ~[text2speech-1.18.11.jar:?]
	at knot/com.mojang.text2speech.Narrator.getNarrator(Narrator.java:41) [text2speech-1.18.11.jar:?]
	at knot/net.minecraft.class_333.<init>(class_333.java:20) [client-intermediary.jar:?]
	at knot/net.minecraft.class_310.<init>(class_310.java:696) [client-intermediary.jar:?]
	at knot/net.minecraft.client.main.Main.main(Main.java:249) [client-intermediary.jar:?]
	at net.fabricmc.loader.impl.game.minecraft.MinecraftGameProvider.launch(MinecraftGameProvider.java:480) [fabric-loader-0.16.14.jar:?]
	at net.fabricmc.loader.impl.launch.knot.Knot.launch(Knot.java:74) [fabric-loader-0.16.14.jar:?]
	at net.fabricmc.loader.impl.launch.knot.KnotClient.main(KnotClient.java:23) [fabric-loader-0.16.14.jar:?]
	at org.prismlauncher.launcher.impl.StandardLauncher.launch(StandardLauncher.java:87) [NewLaunch.jar:?]
	at org.prismlauncher.EntryPoint.listen(EntryPoint.java:130) [NewLaunch.jar:?]
	at org.prismlauncher.EntryPoint.main(EntryPoint.java:70) [NewLaunch.jar:?]
Caused by: java.lang.UnsatisfiedLinkError: Unable to load library 'flite':
libflite.so: cannot open shared object file: No such file or directory
libflite.so: cannot open shared object file: No such file or directory
Native library (linux-x86-64/libflite.so) not found in resource path (/tmp/.mount_PollyMb8ONtq/usr/share/PollyMC/NewLaunch.jar:/home/deck/.local/share/PollyMC/libraries/org/lwjgl/lwjgl-freetype-natives-linux/3.3.3/lwjgl-freetype-natives-linux-3.3.3.jar:/home/deck/.local/share/PollyMC/libraries/org/lwjgl/lwjgl-freetype/3.3.3/lwjgl-freetype-3.3.3.jar:/home/deck/.local/share/PollyMC/libraries/org/lwjgl/lwjgl-glfw-natives-linux/3.3.3/lwjgl-glfw-natives-linux-3.3.3.jar:/home/deck/.local/share/PollyMC/libraries/org/lwjgl/lwjgl-glfw/3.3.3/lwjgl-glfw-3.3.3.jar:/home/deck/.local/share/PollyMC/libraries/org/lwjgl/lwjgl-jemalloc-natives-linux/3.3.3/lwjgl-jemalloc-natives-linux-3.3.3.jar:/home/deck/.local/share/PollyMC/libraries/org/lwjgl/lwjgl-jemalloc/3.3.3/lwjgl-jemalloc-3.3.3.jar:/home/deck/.local/share/PollyMC/libraries/org/lwjgl/lwjgl-natives-linux/3.3.3/lwjgl-natives-linux-3.3.3.jar:/home/deck/.local/share/PollyMC/libraries/org/lwjgl/lwjgl-openal-natives-linux/3.3.3/lwjgl-openal-natives-linux-3.3.3.jar:/home/deck/.local/share/PollyMC/libraries/org/lwjgl/lwjgl-openal/3.3.3/lwjgl-openal-3.3.3.jar:/home/deck/.local/share/PollyMC/libraries/org/lwjgl/lwjgl-opengl-natives-linux/3.3.3/lwjgl-opengl-natives-linux-3.3.3.jar:/home/deck/.local/share/PollyMC/libraries/org/lwjgl/lwjgl-opengl/3.3.3/lwjgl-opengl-3.3.3.jar:/home/deck/.local/share/PollyMC/libraries/org/lwjgl/lwjgl-stb-natives-linux/3.3.3/lwjgl-stb-natives-linux-3.3.3.jar:/home/deck/.local/share/PollyMC/libraries/org/lwjgl/lwjgl-stb/3.3.3/lwjgl-stb-3.3.3.jar:/home/deck/.local/share/PollyMC/libraries/org/lwjgl/lwjgl-tinyfd-natives-linux/3.3.3/lwjgl-tinyfd-natives-linux-3.3.3.jar:/home/deck/.local/share/PollyMC/libraries/org/lwjgl/lwjgl-tinyfd/3.3.3/lwjgl-tinyfd-3.3.3.jar:/home/deck/.local/share/PollyMC/libraries/org/lwjgl/lwjgl/3.3.3/lwjgl-3.3.3.jar:/home/deck/.local/share/PollyMC/libraries/com/fasterxml/jackson/core/jackson-annotations/2.13.4/jackson-annotations-2.13.4.jar:/home/deck/.local/share/PollyMC/libraries/com/fasterxml/jackson/core/jackson-core/2.13.4/jackson-core-2.13.4.jar:/home/deck/.local/share/PollyMC/libraries/com/fasterxml/jackson/core/jackson-databind/2.13.4.2/jackson-databind-2.13.4.2.jar:/home/deck/.local/share/PollyMC/libraries/com/github/oshi/oshi-core/6.6.5/oshi-core-6.6.5.jar:/home/deck/.local/share/PollyMC/libraries/com/github/stephenc/jcip/jcip-annotations/1.0-1/jcip-annotations-1.0-1.jar:/home/deck/.local/share/PollyMC/libraries/com/google/code/gson/gson/2.11.0/gson-2.11.0.jar:/home/deck/.local/share/PollyMC/libraries/com/google/guava/failureaccess/1.0.2/failureaccess-1.0.2.jar:/home/deck/.local/share/PollyMC/libraries/com/google/guava/guava/33.3.1-jre/guava-33.3.1-jre.jar:/home/deck/.local/share/PollyMC/libraries/com/ibm/icu/icu4j/76.1/icu4j-76.1.jar:/home/deck/.local/share/PollyMC/libraries/com/microsoft/azure/msal4j/1.17.2/msal4j-1.17.2.jar:/home/deck/.local/share/PollyMC/libraries/com/mojang/authlib/6.0.58/authlib-6.0.58.jar:/home/deck/.local/share/PollyMC/libraries/com/mojang/blocklist/1.0.10/blocklist-1.0.10.jar:/home/deck/.local/share/PollyMC/libraries/com/mojang/brigadier/1.3.10/brigadier-1.3.10.jar:/home/deck/.local/share/PollyMC/libraries/com/mojang/datafixerupper/8.0.16/datafixerupper-8.0.16.jar:/home/deck/.local/share/PollyMC/libraries/com/mojang/jtracy/1.0.29/jtracy-1.0.29.jar:/home/deck/.local/share/PollyMC/libraries/com/mojang/jtracy-natives-linux/1.0.29/jtracy-natives-linux-1.0.29.jar:/home/deck/.local/share/PollyMC/libraries/com/mojang/logging/1.5.10/logging-1.5.10.jar:/home/deck/.local/share/PollyMC/libraries/com/mojang/patchy/2.2.10/patchy-2.2.10.jar:/home/deck/.local/share/PollyMC/libraries/com/mojang/text2speech/1.18.11/text2speech-1.18.11.jar:/home/deck/.local/share/PollyMC/libraries/com/nimbusds/content-type/2.3/content-type-2.3.jar:/home/deck/.local/share/PollyMC/libraries/com/nimbusds/lang-tag/1.7/lang-tag-1.7.jar:/home/deck/.local/share/PollyMC/libraries/com/nimbusds/nimbus-jose-jwt/9.40/nimbus-jose-jwt-9.40.jar:/home/deck/.local/share/PollyMC/libraries/com/nimbusds/oauth2-oidc-sdk/11.18/oauth2-oidc-sdk-11.18.jar:/home/deck/.local/share/PollyMC/libraries/commons-codec/commons-codec/1.17.1/commons-codec-1.17.1.jar:/home/deck/.local/share/PollyMC/libraries/commons-io/commons-io/2.17.0/commons-io-2.17.0.jar:/home/deck/.local/share/PollyMC/libraries/commons-logging/commons-logging/1.3.4/commons-logging-1.3.4.jar:/home/deck/.local/share/PollyMC/libraries/io/netty/netty-buffer/4.1.118.Final/netty-buffer-4.1.118.Final.jar:/home/deck/.local/share/PollyMC/libraries/io/netty/netty-codec/4.1.118.Final/netty-codec-4.1.118.Final.jar:/home/deck/.local/share/PollyMC/libraries/io/netty/netty-common/4.1.118.Final/netty-common-4.1.118.Final.jar:/home/deck/.local/share/PollyMC/libraries/io/netty/netty-handler/4.1.118.Final/netty-handler-4.1.118.Final.jar:/home/deck/.local/share/PollyMC/libraries/io/netty/netty-resolver/4.1.118.Final/netty-resolver-4.1.118.Final.jar:/home/deck/.local/share/PollyMC/libraries/io/netty/netty-transport-classes-epoll/4.1.118.Final/netty-transport-classes-epoll-4.1.118.Final.jar:/home/deck/.local/share/PollyMC/libraries/io/netty/netty-transport-native-epoll/4.1.118.Final/netty-transport-native-epoll-4.1.118.Final-linux-aarch_64.jar:/home/deck/.local/share/PollyMC/libraries/io/netty/netty-transport-native-epoll/4.1.118.Final/netty-transport-native-epoll-4.1.118.Final-linux-x86_64.jar:/home/deck/.local/share/PollyMC/libraries/io/netty/netty-transport-native-unix-common/4.1.118.Final/netty-transport-native-unix-common-4.1.118.Final.jar:/home/deck/.local/share/PollyMC/libraries/io/netty/netty-transport/4.1.118.Final/netty-transport-4.1.118.Final.jar:/home/deck/.local/share/PollyMC/libraries/it/unimi/dsi/fastutil/8.5.15/fastutil-8.5.15.jar:/home/deck/.local/share/PollyMC/libraries/net/java/dev/jna/jna-platform/5.15.0/jna-platform-5.15.0.jar:/home/deck/.local/share/PollyMC/libraries/net/java/dev/jna/jna/5.15.0/jna-5.15.0.jar:/home/deck/.local/share/PollyMC/libraries/net/minidev/accessors-smart/2.5.1/accessors-smart-2.5.1.jar:/home/deck/.local/share/PollyMC/libraries/net/minidev/json-smart/2.5.1/json-smart-2.5.1.jar:/home/deck/.local/share/PollyMC/libraries/net/sf/jopt-simple/jopt-simple/5.0.4/jopt-simple-5.0.4.jar:/home/deck/.local/share/PollyMC/libraries/org/apache/commons/commons-compress/1.27.1/commons-compress-1.27.1.jar:/home/deck/.local/share/PollyMC/libraries/org/apache/commons/commons-lang3/3.17.0/commons-lang3-3.17.0.jar:/home/deck/.local/share/PollyMC/libraries/org/apache/httpcomponents/httpclient/4.5.14/httpclient-4.5.14.jar:/home/deck/.local/share/PollyMC/libraries/org/apache/httpcomponents/httpcore/4.4.16/httpcore-4.4.16.jar:/home/deck/.local/share/PollyMC/libraries/org/apache/logging/log4j/log4j-api/2.24.1/log4j-api-2.24.1.jar:/home/deck/.local/share/PollyMC/libraries/org/apache/logging/log4j/log4j-core/2.24.1/log4j-core-2.24.1.jar:/home/deck/.local/share/PollyMC/libraries/org/apache/logging/log4j/log4j-slf4j2-impl/2.24.1/log4j-slf4j2-impl-2.24.1.jar:/home/deck/.local/share/PollyMC/libraries/org/jcraft/jorbis/0.0.17/jorbis-0.0.17.jar:/home/deck/.local/share/PollyMC/libraries/org/joml/joml/1.10.8/joml-1.10.8.jar:/home/deck/.local/share/PollyMC/libraries/org/lz4/lz4-java/1.8.0/lz4-java-1.8.0.jar:/home/deck/.local/share/PollyMC/libraries/org/ow2/asm/asm/9.8/asm-9.8.jar:/home/deck/.local/share/PollyMC/libraries/org/slf4j/slf4j-api/2.0.16/slf4j-api-2.0.16.jar:/home/deck/.local/share/PollyMC/libraries/net/fabricmc/intermediary/1.21.5/intermediary-1.21.5.jar:/home/deck/.local/share/PollyMC/libraries/org/ow2/asm/asm-analysis/9.8/asm-analysis-9.8.jar:/home/deck/.local/share/PollyMC/libraries/org/ow2/asm/asm-commons/9.8/asm-commons-9.8.jar:/home/deck/.local/share/PollyMC/libraries/org/ow2/asm/asm-tree/9.8/asm-tree-9.8.jar:/home/deck/.local/share/PollyMC/libraries/org/ow2/asm/asm-util/9.8/asm-util-9.8.jar:/home/deck/.local/share/PollyMC/libraries/net/fabricmc/sponge-mixin/0.15.5+mixin.0.8.7/sponge-mixin-0.15.5+mixin.0.8.7.jar:/home/deck/.local/share/PollyMC/libraries/net/fabricmc/fabric-loader/0.16.14/fabric-loader-0.16.14.jar:/home/deck/.local/share/PollyMC/libraries/com/mojang/minecraft/1.21.5/minecraft-1.21.5-client.jar)
	at knot/com.sun.jna.NativeLibrary.loadLibrary(NativeLibrary.java:325) ~[jna-5.15.0.jar:?]
	at knot/com.sun.jna.NativeLibrary.getInstance(NativeLibrary.java:481) ~[jna-5.15.0.jar:?]
	at knot/com.sun.jna.NativeLibrary.getInstance(NativeLibrary.java:423) ~[jna-5.15.0.jar:?]
	at knot/com.mojang.text2speech.NarratorLinux$FliteLibrary.loadNative(NarratorLinux.java:79) ~[text2speech-1.18.11.jar:?]
	... 11 more
	Suppressed: java.lang.UnsatisfiedLinkError: libflite.so: cannot open shared object file: No such file or directory
		at knot/com.sun.jna.Native.open(Native Method) ~[jna-5.15.0.jar:?]
		at knot/com.sun.jna.NativeLibrary.loadLibrary(NativeLibrary.java:213) ~[jna-5.15.0.jar:?]
		at knot/com.sun.jna.NativeLibrary.getInstance(NativeLibrary.java:481) ~[jna-5.15.0.jar:?]
		at knot/com.sun.jna.NativeLibrary.getInstance(NativeLibrary.java:423) ~[jna-5.15.0.jar:?]
		at knot/com.mojang.text2speech.NarratorLinux$FliteLibrary.loadNative(NarratorLinux.java:79) ~[text2speech-1.18.11.jar:?]
		at knot/com.mojang.text2speech.NarratorLinux.<init>(NarratorLinux.java:18) ~[text2speech-1.18.11.jar:?]
		at knot/com.mojang.text2speech.Narrator.getNarrator(Narrator.java:41) [text2speech-1.18.11.jar:?]
		at knot/net.minecraft.class_333.<init>(class_333.java:20) [client-intermediary.jar:?]
		at knot/net.minecraft.class_310.<init>(class_310.java:696) [client-intermediary.jar:?]
		at knot/net.minecraft.client.main.Main.main(Main.java:249) [client-intermediary.jar:?]
		at net.fabricmc.loader.impl.game.minecraft.MinecraftGameProvider.launch(MinecraftGameProvider.java:480) [fabric-loader-0.16.14.jar:?]
		at net.fabricmc.loader.impl.launch.knot.Knot.launch(Knot.java:74) [fabric-loader-0.16.14.jar:?]
		at net.fabricmc.loader.impl.launch.knot.KnotClient.main(KnotClient.java:23) [fabric-loader-0.16.14.jar:?]
		at org.prismlauncher.launcher.impl.StandardLauncher.launch(StandardLauncher.java:87) [NewLaunch.jar:?]
		at org.prismlauncher.EntryPoint.listen(EntryPoint.java:130) [NewLaunch.jar:?]
		at org.prismlauncher.EntryPoint.main(EntryPoint.java:70) [NewLaunch.jar:?]
	Suppressed: java.lang.UnsatisfiedLinkError: libflite.so: cannot open shared object file: No such file or directory
		at knot/com.sun.jna.Native.open(Native Method) ~[jna-5.15.0.jar:?]
		at knot/com.sun.jna.NativeLibrary.loadLibrary(NativeLibrary.java:226) ~[jna-5.15.0.jar:?]
		at knot/com.sun.jna.NativeLibrary.getInstance(NativeLibrary.java:481) ~[jna-5.15.0.jar:?]
		at knot/com.sun.jna.NativeLibrary.getInstance(NativeLibrary.java:423) ~[jna-5.15.0.jar:?]
		at knot/com.mojang.text2speech.NarratorLinux$FliteLibrary.loadNative(NarratorLinux.java:79) ~[text2speech-1.18.11.jar:?]
		at knot/com.mojang.text2speech.NarratorLinux.<init>(NarratorLinux.java:18) ~[text2speech-1.18.11.jar:?]
		at knot/com.mojang.text2speech.Narrator.getNarrator(Narrator.java:41) [text2speech-1.18.11.jar:?]
		at knot/net.minecraft.class_333.<init>(class_333.java:20) [client-intermediary.jar:?]
		at knot/net.minecraft.class_310.<init>(class_310.java:696) [client-intermediary.jar:?]
		at knot/net.minecraft.client.main.Main.main(Main.java:249) [client-intermediary.jar:?]
		at net.fabricmc.loader.impl.game.minecraft.MinecraftGameProvider.launch(MinecraftGameProvider.java:480) [fabric-loader-0.16.14.jar:?]
		at net.fabricmc.loader.impl.launch.knot.Knot.launch(Knot.java:74) [fabric-loader-0.16.14.jar:?]
		at net.fabricmc.loader.impl.launch.knot.KnotClient.main(KnotClient.java:23) [fabric-loader-0.16.14.jar:?]
		at org.prismlauncher.launcher.impl.StandardLauncher.launch(StandardLauncher.java:87) [NewLaunch.jar:?]
		at org.prismlauncher.EntryPoint.listen(EntryPoint.java:130) [NewLaunch.jar:?]
		at org.prismlauncher.EntryPoint.main(EntryPoint.java:70) [NewLaunch.jar:?]
	Suppressed: java.io.IOException: Native library (linux-x86-64/libflite.so) not found in resource path (/tmp/.mount_PollyMb8ONtq/usr/share/PollyMC/NewLaunch.jar:/home/deck/.local/share/PollyMC/libraries/org/lwjgl/lwjgl-freetype-natives-linux/3.3.3/lwjgl-freetype-natives-linux-3.3.3.jar:/home/deck/.local/share/PollyMC/libraries/org/lwjgl/lwjgl-freetype/3.3.3/lwjgl-freetype-3.3.3.jar:/home/deck/.local/share/PollyMC/libraries/org/lwjgl/lwjgl-glfw-natives-linux/3.3.3/lwjgl-glfw-natives-linux-3.3.3.jar:/home/deck/.local/share/PollyMC/libraries/org/lwjgl/lwjgl-glfw/3.3.3/lwjgl-glfw-3.3.3.jar:/home/deck/.local/share/PollyMC/libraries/org/lwjgl/lwjgl-jemalloc-natives-linux/3.3.3/lwjgl-jemalloc-natives-linux-3.3.3.jar:/home/deck/.local/share/PollyMC/libraries/org/lwjgl/lwjgl-jemalloc/3.3.3/lwjgl-jemalloc-3.3.3.jar:/home/deck/.local/share/PollyMC/libraries/org/lwjgl/lwjgl-natives-linux/3.3.3/lwjgl-natives-linux-3.3.3.jar:/home/deck/.local/share/PollyMC/libraries/org/lwjgl/lwjgl-openal-natives-linux/3.3.3/lwjgl-openal-natives-linux-3.3.3.jar:/home/deck/.local/share/PollyMC/libraries/org/lwjgl/lwjgl-openal/3.3.3/lwjgl-openal-3.3.3.jar:/home/deck/.local/share/PollyMC/libraries/org/lwjgl/lwjgl-opengl-natives-linux/3.3.3/lwjgl-opengl-natives-linux-3.3.3.jar:/home/deck/.local/share/PollyMC/libraries/org/lwjgl/lwjgl-opengl/3.3.3/lwjgl-opengl-3.3.3.jar:/home/deck/.local/share/PollyMC/libraries/org/lwjgl/lwjgl-stb-natives-linux/3.3.3/lwjgl-stb-natives-linux-3.3.3.jar:/home/deck/.local/share/PollyMC/libraries/org/lwjgl/lwjgl-stb/3.3.3/lwjgl-stb-3.3.3.jar:/home/deck/.local/share/PollyMC/libraries/org/lwjgl/lwjgl-tinyfd-natives-linux/3.3.3/lwjgl-tinyfd-natives-linux-3.3.3.jar:/home/deck/.local/share/PollyMC/libraries/org/lwjgl/lwjgl-tinyfd/3.3.3/lwjgl-tinyfd-3.3.3.jar:/home/deck/.local/share/PollyMC/libraries/org/lwjgl/lwjgl/3.3.3/lwjgl-3.3.3.jar:/home/deck/.local/share/PollyMC/libraries/com/fasterxml/jackson/core/jackson-annotations/2.13.4/jackson-annotations-2.13.4.jar:/home/deck/.local/share/PollyMC/libraries/com/fasterxml/jackson/core/jackson-core/2.13.4/jackson-core-2.13.4.jar:/home/deck/.local/share/PollyMC/libraries/com/fasterxml/jackson/core/jackson-databind/2.13.4.2/jackson-databind-2.13.4.2.jar:/home/deck/.local/share/PollyMC/libraries/com/github/oshi/oshi-core/6.6.5/oshi-core-6.6.5.jar:/home/deck/.local/share/PollyMC/libraries/com/github/stephenc/jcip/jcip-annotations/1.0-1/jcip-annotations-1.0-1.jar:/home/deck/.local/share/PollyMC/libraries/com/google/code/gson/gson/2.11.0/gson-2.11.0.jar:/home/deck/.local/share/PollyMC/libraries/com/google/guava/failureaccess/1.0.2/failureaccess-1.0.2.jar:/home/deck/.local/share/PollyMC/libraries/com/google/guava/guava/33.3.1-jre/guava-33.3.1-jre.jar:/home/deck/.local/share/PollyMC/libraries/com/ibm/icu/icu4j/76.1/icu4j-76.1.jar:/home/deck/.local/share/PollyMC/libraries/com/microsoft/azure/msal4j/1.17.2/msal4j-1.17.2.jar:/home/deck/.local/share/PollyMC/libraries/com/mojang/authlib/6.0.58/authlib-6.0.58.jar:/home/deck/.local/share/PollyMC/libraries/com/mojang/blocklist/1.0.10/blocklist-1.0.10.jar:/home/deck/.local/share/PollyMC/libraries/com/mojang/brigadier/1.3.10/brigadier-1.3.10.jar:/home/deck/.local/share/PollyMC/libraries/com/mojang/datafixerupper/8.0.16/datafixerupper-8.0.16.jar:/home/deck/.local/share/PollyMC/libraries/com/mojang/jtracy/1.0.29/jtracy-1.0.29.jar:/home/deck/.local/share/PollyMC/libraries/com/mojang/jtracy-natives-linux/1.0.29/jtracy-natives-linux-1.0.29.jar:/home/deck/.local/share/PollyMC/libraries/com/mojang/logging/1.5.10/logging-1.5.10.jar:/home/deck/.local/share/PollyMC/libraries/com/mojang/patchy/2.2.10/patchy-2.2.10.jar:/home/deck/.local/share/PollyMC/libraries/com/mojang/text2speech/1.18.11/text2speech-1.18.11.jar:/home/deck/.local/share/PollyMC/libraries/com/nimbusds/content-type/2.3/content-type-2.3.jar:/home/deck/.local/share/PollyMC/libraries/com/nimbusds/lang-tag/1.7/lang-tag-1.7.jar:/home/deck/.local/share/PollyMC/libraries/com/nimbusds/nimbus-jose-jwt/9.40/nimbus-jose-jwt-9.40.jar:/home/deck/.local/share/PollyMC/libraries/com/nimbusds/oauth2-oidc-sdk/11.18/oauth2-oidc-sdk-11.18.jar:/home/deck/.local/share/PollyMC/libraries/commons-codec/commons-codec/1.17.1/commons-codec-1.17.1.jar:/home/deck/.local/share/PollyMC/libraries/commons-io/commons-io/2.17.0/commons-io-2.17.0.jar:/home/deck/.local/share/PollyMC/libraries/commons-logging/commons-logging/1.3.4/commons-logging-1.3.4.jar:/home/deck/.local/share/PollyMC/libraries/io/netty/netty-buffer/4.1.118.Final/netty-buffer-4.1.118.Final.jar:/home/deck/.local/share/PollyMC/libraries/io/netty/netty-codec/4.1.118.Final/netty-codec-4.1.118.Final.jar:/home/deck/.local/share/PollyMC/libraries/io/netty/netty-common/4.1.118.Final/netty-common-4.1.118.Final.jar:/home/deck/.local/share/PollyMC/libraries/io/netty/netty-handler/4.1.118.Final/netty-handler-4.1.118.Final.jar:/home/deck/.local/share/PollyMC/libraries/io/netty/netty-resolver/4.1.118.Final/netty-resolver-4.1.118.Final.jar:/home/deck/.local/share/PollyMC/libraries/io/netty/netty-transport-classes-epoll/4.1.118.Final/netty-transport-classes-epoll-4.1.118.Final.jar:/home/deck/.local/share/PollyMC/libraries/io/netty/netty-transport-native-epoll/4.1.118.Final/netty-transport-native-epoll-4.1.118.Final-linux-aarch_64.jar:/home/deck/.local/share/PollyMC/libraries/io/netty/netty-transport-native-epoll/4.1.118.Final/netty-transport-native-epoll-4.1.118.Final-linux-x86_64.jar:/home/deck/.local/share/PollyMC/libraries/io/netty/netty-transport-native-unix-common/4.1.118.Final/netty-transport-native-unix-common-4.1.118.Final.jar:/home/deck/.local/share/PollyMC/libraries/io/netty/netty-transport/4.1.118.Final/netty-transport-4.1.118.Final.jar:/home/deck/.local/share/PollyMC/libraries/it/unimi/dsi/fastutil/8.5.15/fastutil-8.5.15.jar:/home/deck/.local/share/PollyMC/libraries/net/java/dev/jna/jna-platform/5.15.0/jna-platform-5.15.0.jar:/home/deck/.local/share/PollyMC/libraries/net/java/dev/jna/jna/5.15.0/jna-5.15.0.jar:/home/deck/.local/share/PollyMC/libraries/net/minidev/accessors-smart/2.5.1/accessors-smart-2.5.1.jar:/home/deck/.local/share/PollyMC/libraries/net/minidev/json-smart/2.5.1/json-smart-2.5.1.jar:/home/deck/.local/share/PollyMC/libraries/net/sf/jopt-simple/jopt-simple/5.0.4/jopt-simple-5.0.4.jar:/home/deck/.local/share/PollyMC/libraries/org/apache/commons/commons-compress/1.27.1/commons-compress-1.27.1.jar:/home/deck/.local/share/PollyMC/libraries/org/apache/commons/commons-lang3/3.17.0/commons-lang3-3.17.0.jar:/home/deck/.local/share/PollyMC/libraries/org/apache/httpcomponents/httpclient/4.5.14/httpclient-4.5.14.jar:/home/deck/.local/share/PollyMC/libraries/org/apache/httpcomponents/httpcore/4.4.16/httpcore-4.4.16.jar:/home/deck/.local/share/PollyMC/libraries/org/apache/logging/log4j/log4j-api/2.24.1/log4j-api-2.24.1.jar:/home/deck/.local/share/PollyMC/libraries/org/apache/logging/log4j/log4j-core/2.24.1/log4j-core-2.24.1.jar:/home/deck/.local/share/PollyMC/libraries/org/apache/logging/log4j/log4j-slf4j2-impl/2.24.1/log4j-slf4j2-impl-2.24.1.jar:/home/deck/.local/share/PollyMC/libraries/org/jcraft/jorbis/0.0.17/jorbis-0.0.17.jar:/home/deck/.local/share/PollyMC/libraries/org/joml/joml/1.10.8/joml-1.10.8.jar:/home/deck/.local/share/PollyMC/libraries/org/lz4/lz4-java/1.8.0/lz4-java-1.8.0.jar:/home/deck/.local/share/PollyMC/libraries/org/ow2/asm/asm/9.8/asm-9.8.jar:/home/deck/.local/share/PollyMC/libraries/org/slf4j/slf4j-api/2.0.16/slf4j-api-2.0.16.jar:/home/deck/.local/share/PollyMC/libraries/net/fabricmc/intermediary/1.21.5/intermediary-1.21.5.jar:/home/deck/.local/share/PollyMC/libraries/org/ow2/asm/asm-analysis/9.8/asm-analysis-9.8.jar:/home/deck/.local/share/PollyMC/libraries/org/ow2/asm/asm-commons/9.8/asm-commons-9.8.jar:/home/deck/.local/share/PollyMC/libraries/org/ow2/asm/asm-tree/9.8/asm-tree-9.8.jar:/home/deck/.local/share/PollyMC/libraries/org/ow2/asm/asm-util/9.8/asm-util-9.8.jar:/home/deck/.local/share/PollyMC/libraries/net/fabricmc/sponge-mixin/0.15.5+mixin.0.8.7/sponge-mixin-0.15.5+mixin.0.8.7.jar:/home/deck/.local/share/PollyMC/libraries/net/fabricmc/fabric-loader/0.16.14/fabric-loader-0.16.14.jar:/home/deck/.local/share/PollyMC/libraries/com/mojang/minecraft/1.21.5/minecraft-1.21.5-client.jar)
		at knot/com.sun.jna.Native.extractFromResourcePath(Native.java:1141) ~[jna-5.15.0.jar:?]
		at knot/com.sun.jna.NativeLibrary.loadLibrary(NativeLibrary.java:297) ~[jna-5.15.0.jar:?]
		at knot/com.sun.jna.NativeLibrary.getInstance(NativeLibrary.java:481) ~[jna-5.15.0.jar:?]
		at knot/com.sun.jna.NativeLibrary.getInstance(NativeLibrary.java:423) ~[jna-5.15.0.jar:?]
		at knot/com.mojang.text2speech.NarratorLinux$FliteLibrary.loadNative(NarratorLinux.java:79) ~[text2speech-1.18.11.jar:?]
		at knot/com.mojang.text2speech.NarratorLinux.<init>(NarratorLinux.java:18) ~[text2speech-1.18.11.jar:?]
		at knot/com.mojang.text2speech.Narrator.getNarrator(Narrator.java:41) [text2speech-1.18.11.jar:?]
		at knot/net.minecraft.class_333.<init>(class_333.java:20) [client-intermediary.jar:?]
		at knot/net.minecraft.class_310.<init>(class_310.java:696) [client-intermediary.jar:?]
		at knot/net.minecraft.client.main.Main.main(Main.java:249) [client-intermediary.jar:?]
		at net.fabricmc.loader.impl.game.minecraft.MinecraftGameProvider.launch(MinecraftGameProvider.java:480) [fabric-loader-0.16.14.jar:?]
		at net.fabricmc.loader.impl.launch.knot.Knot.launch(Knot.java:74) [fabric-loader-0.16.14.jar:?]
		at net.fabricmc.loader.impl.launch.knot.KnotClient.main(KnotClient.java:23) [fabric-loader-0.16.14.jar:?]
		at org.prismlauncher.launcher.impl.StandardLauncher.launch(StandardLauncher.java:87) [NewLaunch.jar:?]
		at org.prismlauncher.EntryPoint.listen(EntryPoint.java:130) [NewLaunch.jar:?]
		at org.prismlauncher.EntryPoint.main(EntryPoint.java:70) [NewLaunch.jar:?]
[03:59:39] [Render thread/INFO]: Reloading ResourceManager: vanilla, fabric, cloth-config, controllable, cubes-without-borders, fabric-api, fabric-api-base, fabric-api-lookup-api-v1, fabric-biome-api-v1, fabric-block-api-v1, fabric-block-view-api-v2, fabric-blockrenderlayer-v1, fabric-client-tags-api-v1, fabric-command-api-v1, fabric-command-api-v2, fabric-commands-v0, fabric-content-registries-v0, fabric-convention-tags-v1, fabric-convention-tags-v2, fabric-crash-report-info-v1, fabric-data-attachment-api-v1, fabric-data-generation-api-v1, fabric-dimensions-v1, fabric-entity-events-v1, fabric-events-interaction-v0, fabric-game-rule-api-v1, fabric-item-api-v1, fabric-item-group-api-v1, fabric-key-binding-api-v1, fabric-keybindings-v0, fabric-lifecycle-events-v1, fabric-loot-api-v2, fabric-loot-api-v3, fabric-message-api-v1, fabric-model-loading-api-v1, fabric-networking-api-v1, fabric-object-builder-api-v1, fabric-particles-v1, fabric-recipe-api-v1, fabric-registry-sync-v0, fabric-renderer-api-v1, fabric-renderer-indigo, fabric-rendering-data-attachment-v1, fabric-rendering-fluids-v1, fabric-rendering-v1, fabric-resource-conditions-api-v1, fabric-resource-loader-v0, fabric-screen-api-v1, fabric-screen-handler-api-v1, fabric-sound-api-v1, fabric-tag-api-v1, fabric-transfer-api-v1, fabric-transitive-access-wideners-v1, fabricloader, factory_api, forgeconfigapiport, framework, fullbrightnesstoggle, ias, justzoom, modmenu, name_visibility, old_combat_mod, placeholder-api, reeses-sodium-options, sodium, sodium-extra, sodium-fullbright, sodiumdynamiclights, sodiumextras, sodiumoptionsapi, team_reborn_energy, txnilib, yet_another_config_lib_v3, programmer_art, fabric-item-group-api-v1_programmer_art, modmenu_programmer_art, sodium_programmer_art
[03:59:39] [Worker-Main-4/INFO]: Found unifont_all_no_pua-16.0.01.hex, loading
[03:59:39] [Download-1/INFO]: Could not authorize you against Realms server: java.lang.RuntimeException: Failed to parse into SignedJWT: 0
[03:59:39] [Download-1/ERROR]: Failed to fetch Realms feature flags
net.minecraft.class_4355: Realms authentication error with message 'java.lang.RuntimeException: Failed to parse into SignedJWT: 0'
	at knot/net.minecraft.class_4341.method_20998(class_4341.java:495) ~[client-intermediary.jar:?]
	at knot/net.minecraft.class_4341.method_68466(class_4341.java:177) ~[client-intermediary.jar:?]
	at java.base/java.util.concurrent.CompletableFuture$AsyncSupply.run(CompletableFuture.java:1768) ~[?:?]
	at java.base/java.util.concurrent.ThreadPoolExecutor.runWorker(ThreadPoolExecutor.java:1144) ~[?:?]
	at java.base/java.util.concurrent.ThreadPoolExecutor$Worker.run(ThreadPoolExecutor.java:642) ~[?:?]
	at java.base/java.lang.Thread.run(Thread.java:1583) [?:?]
[03:59:40] [Worker-Main-4/INFO]: Found unifont_jp_patch-16.0.01.hex, loading
[03:59:41] [Render thread/WARN]: minecraft:pipeline/entity_translucent_emissive shader program does not use sampler Sampler2 defined in the pipeline. This might be a bug.
[03:59:41] [Render thread/INFO]: OpenAL initialized on device ACP/ACP3X/ACP6x Audio Coprocessor Speaker
[03:59:41] [Render thread/INFO]: Sound engine started
[03:59:41] [Render thread/INFO]: Created: 1024x512x4 minecraft:textures/atlas/blocks.png-atlas
[03:59:41] [Render thread/INFO]: Created: 256x256x4 minecraft:textures/atlas/signs.png-atlas
[03:59:41] [Render thread/INFO]: Created: 512x512x4 minecraft:textures/atlas/shield_patterns.png-atlas
[03:59:41] [Render thread/INFO]: Created: 512x512x4 minecraft:textures/atlas/banner_patterns.png-atlas
[03:59:41] [Render thread/INFO]: Created: 2048x1024x4 minecraft:textures/atlas/armor_trims.png-atlas
[03:59:41] [Render thread/INFO]: Created: 128x64x4 minecraft:textures/atlas/decorated_pot.png-atlas
[03:59:41] [Render thread/INFO]: Created: 256x256x4 minecraft:textures/atlas/chest.png-atlas
[03:59:41] [Render thread/INFO]: Created: 512x256x4 minecraft:textures/atlas/beds.png-atlas
[03:59:41] [Render thread/INFO]: Created: 512x256x4 minecraft:textures/atlas/shulker_boxes.png-atlas
[03:59:41] [Render thread/INFO]: Created: 64x64x0 minecraft:textures/atlas/map_decorations.png-atlas
[03:59:42] [Render thread/INFO]: Created: 512x256x0 minecraft:textures/atlas/particles.png-atlas
[03:59:42] [Render thread/INFO]: Created: 512x256x0 minecraft:textures/atlas/paintings.png-atlas
[03:59:42] [Render thread/INFO]: Created: 256x128x0 minecraft:textures/atlas/mob_effects.png-atlas
[03:59:42] [Render thread/INFO]: Created: 1024x512x0 minecraft:textures/atlas/gui.png-atlas
[03:59:42] [Render thread/INFO]: Applying gamepad mappings from internal database
[03:59:42] [Render thread/INFO]: Successfully updated 368 gamepad mappings
[04:00:26] [Render thread/INFO]: Stopping!
[04:00:26] [Render thread/INFO]: IAS: Closing IAS...
[04:00:26] [Render thread/INFO]: IAS: Shutting down IAS executor...
[04:00:26] [Render thread/INFO]: IAS: IAS executor shut down.
[04:00:26] [Render thread/INFO]: IAS: IAS has been unloaded.
